
----------------------------------
Using stored unhandled routes!.
   To discover new routes in the angular app use "npm run scully -- --scanRoutes"
----------------------------------

----------------------------------
Using stored unhandled routes!.
   To discover new routes in the angular app use "npm run scully -- --scanRoutes"
----------------------------------

----------------------------------
Using stored unhandled routes!.
   To discover new routes in the angular app use "npm run scully -- --scanRoutes"
----------------------------------
****************************************************************************************
This is a development tool for Scully applications.
You can ignore the warning (TLS) or run scully with --no-warning
****************************************************************************************
----------------------------------
Using stored unhandled routes!.
   To discover new routes in the angular app use "npm run scully -- --scanRoutes"
----------------------------------

----------------------------------
Using stored unhandled routes!.
   To discover new routes in the angular app use "npm run scully -- --scanRoutes"
----------------------------------
 The router plugin "contentFolder has thrown the below error,
              while trying to render route "unknown"
              Scully will exitYAMLException: can not read a block mapping entry; a multiline key may not be an implicit key at line 3, column 5:
    date: 22-01-2021
        ^

 The router plugin "contentFolder has thrown the below error,
              while trying to render route "unknown"
              Scully will exitYAMLException: can not read a block mapping entry; a multiline key may not be an implicit key at line 3, column 5:
    date: 22-01-2021
        ^


      ----------------
      Error, missing "<scully-content>" in route "/blog/My_plans_with_this_blog"
      without <scully-content> we can not render this route.
      Make sure it is in there, and not inside any conditionals (*ngIf)
      You can check this by opening "http://localhost:4200/blog/My_plans_with_this_blog"
      when you serve your app with ng serve and then in the browsers console run:
      document.querySelector('scully-content')
      ----------------
      
      ----------------
      Error, missing "<scully-content>" in route "/blog/___UNPUBLISHED___kkb1ltfa_PixYf6TOqyEOqb7EtD5sDkdvpYDtYRbk"
      without <scully-content> we can not render this route.
      Make sure it is in there, and not inside any conditionals (*ngIf)
      You can check this by opening "http://localhost:4200/blog/___UNPUBLISHED___kkb1ltfa_PixYf6TOqyEOqb7EtD5sDkdvpYDtYRbk"
      when you serve your app with ng serve and then in the browsers console run:
      document.querySelector('scully-content')
      ----------------
      